mode: set
github.com/perspicaciousPanurgic/Farkle/dice.go:16.47,23.22 3 1
github.com/perspicaciousPanurgic/Farkle/dice.go:29.2,29.32 1 1
github.com/perspicaciousPanurgic/Farkle/dice.go:33.2,33.13 1 1
github.com/perspicaciousPanurgic/Farkle/dice.go:23.22,25.3 1 1
github.com/perspicaciousPanurgic/Farkle/dice.go:29.32,31.3 1 1
github.com/perspicaciousPanurgic/Farkle/dice.go:37.37,42.25 2 1
github.com/perspicaciousPanurgic/Farkle/dice.go:52.2,52.14 1 1
github.com/perspicaciousPanurgic/Farkle/dice.go:42.25,44.26 2 1
github.com/perspicaciousPanurgic/Farkle/dice.go:49.3,49.17 1 1
github.com/perspicaciousPanurgic/Farkle/dice.go:44.26,45.26 1 1
github.com/perspicaciousPanurgic/Farkle/dice.go:45.26,47.5 1 1
github.com/perspicaciousPanurgic/Farkle/dice.go:55.36,57.33 2 0
github.com/perspicaciousPanurgic/Farkle/dice.go:60.2,60.17 1 0
github.com/perspicaciousPanurgic/Farkle/dice.go:57.33,59.3 1 0
github.com/perspicaciousPanurgic/Farkle/farkle.go:9.25,11.2 1 1
github.com/perspicaciousPanurgic/Farkle/farkle.go:13.19,15.16 2 0
github.com/perspicaciousPanurgic/Farkle/farkle.go:19.2,21.18 2 0
github.com/perspicaciousPanurgic/Farkle/farkle.go:15.16,17.3 1 0
github.com/perspicaciousPanurgic/Farkle/farkle.go:24.13,33.2 3 0
github.com/perspicaciousPanurgic/Farkle/game.go:12.31,19.37 4 1
github.com/perspicaciousPanurgic/Farkle/game.go:24.2,24.18 1 1
github.com/perspicaciousPanurgic/Farkle/game.go:19.37,22.3 2 0
github.com/perspicaciousPanurgic/Farkle/game.go:28.45,30.34 2 1
github.com/perspicaciousPanurgic/Farkle/game.go:33.2,33.14 1 1
github.com/perspicaciousPanurgic/Farkle/game.go:30.34,32.3 1 1
github.com/perspicaciousPanurgic/Farkle/game.go:37.49,40.22 2 1
github.com/perspicaciousPanurgic/Farkle/game.go:44.2,44.15 1 1
github.com/perspicaciousPanurgic/Farkle/game.go:40.22,42.3 1 1
github.com/perspicaciousPanurgic/Farkle/game.go:48.62,56.29 3 1
github.com/perspicaciousPanurgic/Farkle/game.go:60.2,60.13 1 1
github.com/perspicaciousPanurgic/Farkle/game.go:56.29,58.3 1 1
github.com/perspicaciousPanurgic/Farkle/game.go:64.49,68.15 2 1
github.com/perspicaciousPanurgic/Farkle/game.go:71.2,71.13 1 1
github.com/perspicaciousPanurgic/Farkle/game.go:68.15,70.3 1 1
github.com/perspicaciousPanurgic/Farkle/game.go:76.42,86.23 4 1
github.com/perspicaciousPanurgic/Farkle/game.go:113.2,113.23 1 1
github.com/perspicaciousPanurgic/Farkle/game.go:140.2,141.31 2 1
github.com/perspicaciousPanurgic/Farkle/game.go:166.2,167.15 2 1
github.com/perspicaciousPanurgic/Farkle/game.go:86.23,90.16 4 1
github.com/perspicaciousPanurgic/Farkle/game.go:102.3,106.13 3 1
github.com/perspicaciousPanurgic/Farkle/game.go:90.16,91.15 1 1
github.com/perspicaciousPanurgic/Farkle/game.go:97.4,99.11 3 1
github.com/perspicaciousPanurgic/Farkle/game.go:91.15,95.13 4 1
github.com/perspicaciousPanurgic/Farkle/game.go:106.13,109.4 2 1
github.com/perspicaciousPanurgic/Farkle/game.go:113.23,117.16 4 1
github.com/perspicaciousPanurgic/Farkle/game.go:129.3,133.13 3 1
github.com/perspicaciousPanurgic/Farkle/game.go:117.16,118.15 1 1
github.com/perspicaciousPanurgic/Farkle/game.go:124.4,126.11 3 1
github.com/perspicaciousPanurgic/Farkle/game.go:118.15,122.13 4 1
github.com/perspicaciousPanurgic/Farkle/game.go:133.13,136.4 2 1
github.com/perspicaciousPanurgic/Farkle/game.go:141.31,142.27 1 1
github.com/perspicaciousPanurgic/Farkle/game.go:142.27,146.17 4 1
github.com/perspicaciousPanurgic/Farkle/game.go:156.4,160.14 3 1
github.com/perspicaciousPanurgic/Farkle/game.go:146.17,147.16 1 1
github.com/perspicaciousPanurgic/Farkle/game.go:153.5,153.12 1 0
github.com/perspicaciousPanurgic/Farkle/game.go:147.16,151.14 4 1
github.com/perspicaciousPanurgic/Farkle/game.go:160.14,163.5 2 1
github.com/perspicaciousPanurgic/Farkle/game.go:171.26,179.36 4 0
github.com/perspicaciousPanurgic/Farkle/game.go:184.2,184.19 1 0
github.com/perspicaciousPanurgic/Farkle/game.go:179.36,182.3 2 0
github.com/perspicaciousPanurgic/Farkle/game.go:188.38,191.13 2 1
github.com/perspicaciousPanurgic/Farkle/game.go:195.2,195.13 1 1
github.com/perspicaciousPanurgic/Farkle/game.go:199.2,199.16 1 1
github.com/perspicaciousPanurgic/Farkle/game.go:191.13,193.3 1 1
github.com/perspicaciousPanurgic/Farkle/game.go:195.13,197.3 1 1
github.com/perspicaciousPanurgic/Farkle/game.go:203.62,205.2 1 1
github.com/perspicaciousPanurgic/Farkle/game.go:207.41,217.34 2 0
github.com/perspicaciousPanurgic/Farkle/game.go:227.2,227.19 1 0
github.com/perspicaciousPanurgic/Farkle/game.go:217.34,225.3 4 0
github.com/perspicaciousPanurgic/Farkle/game.go:230.17,247.26 10 0
github.com/perspicaciousPanurgic/Farkle/game.go:276.2,277.24 2 0
github.com/perspicaciousPanurgic/Farkle/game.go:307.2,310.37 2 0
github.com/perspicaciousPanurgic/Farkle/game.go:247.26,257.23 5 0
github.com/perspicaciousPanurgic/Farkle/game.go:262.3,262.52 1 0
github.com/perspicaciousPanurgic/Farkle/game.go:257.23,259.4 1 0
github.com/perspicaciousPanurgic/Farkle/game.go:262.52,273.4 5 0
github.com/perspicaciousPanurgic/Farkle/game.go:277.24,283.32 3 0
github.com/perspicaciousPanurgic/Farkle/game.go:289.3,293.23 3 0
github.com/perspicaciousPanurgic/Farkle/game.go:298.3,298.51 1 0
github.com/perspicaciousPanurgic/Farkle/game.go:283.32,285.9 2 0
github.com/perspicaciousPanurgic/Farkle/game.go:293.23,295.4 1 0
github.com/perspicaciousPanurgic/Farkle/game.go:298.51,303.4 2 0
github.com/perspicaciousPanurgic/Farkle/game.go:314.75,318.17 2 0
github.com/perspicaciousPanurgic/Farkle/game.go:326.2,326.25 1 0
github.com/perspicaciousPanurgic/Farkle/game.go:336.2,340.25 3 0
github.com/perspicaciousPanurgic/Farkle/game.go:350.2,354.21 3 0
github.com/perspicaciousPanurgic/Farkle/game.go:360.2,365.15 4 0
github.com/perspicaciousPanurgic/Farkle/game.go:318.17,323.3 3 0
github.com/perspicaciousPanurgic/Farkle/game.go:326.25,333.3 5 0
github.com/perspicaciousPanurgic/Farkle/game.go:340.25,341.27 1 0
github.com/perspicaciousPanurgic/Farkle/game.go:341.27,346.4 3 0
github.com/perspicaciousPanurgic/Farkle/game.go:354.21,357.3 2 0
github.com/perspicaciousPanurgic/Farkle/game.go:368.71,385.2 6 0
github.com/perspicaciousPanurgic/Farkle/player.go:10.42,12.2 1 1
github.com/perspicaciousPanurgic/Farkle/player.go:14.29,16.2 1 1
github.com/perspicaciousPanurgic/Farkle/player.go:18.40,20.2 1 1
github.com/perspicaciousPanurgic/Farkle/player.go:22.32,24.2 1 0
