mode: set
github.com/perspicaciousPanurgic/Farkle/dice.go:10.44,17.22 3 1
github.com/perspicaciousPanurgic/Farkle/dice.go:23.2,23.31 1 1
github.com/perspicaciousPanurgic/Farkle/dice.go:27.2,27.13 1 1
github.com/perspicaciousPanurgic/Farkle/dice.go:17.22,19.3 1 1
github.com/perspicaciousPanurgic/Farkle/dice.go:23.31,25.3 1 1
github.com/perspicaciousPanurgic/Farkle/dice.go:31.36,36.25 2 1
github.com/perspicaciousPanurgic/Farkle/dice.go:46.2,46.14 1 1
github.com/perspicaciousPanurgic/Farkle/dice.go:36.25,38.26 2 1
github.com/perspicaciousPanurgic/Farkle/dice.go:43.3,43.17 1 1
github.com/perspicaciousPanurgic/Farkle/dice.go:38.26,39.26 1 1
github.com/perspicaciousPanurgic/Farkle/dice.go:39.26,41.5 1 1
github.com/perspicaciousPanurgic/Farkle/dice.go:49.35,51.2 1 0
github.com/perspicaciousPanurgic/Farkle/dice.go:53.33,55.2 1 0
github.com/perspicaciousPanurgic/Farkle/farkle.go:9.25,11.2 1 1
github.com/perspicaciousPanurgic/Farkle/farkle.go:13.19,15.16 2 0
github.com/perspicaciousPanurgic/Farkle/farkle.go:19.2,21.18 2 0
github.com/perspicaciousPanurgic/Farkle/farkle.go:15.16,17.3 1 0
github.com/perspicaciousPanurgic/Farkle/farkle.go:24.13,46.34 6 0
github.com/perspicaciousPanurgic/Farkle/farkle.go:57.2,73.57 9 0
github.com/perspicaciousPanurgic/Farkle/farkle.go:46.34,54.3 4 0
github.com/perspicaciousPanurgic/Farkle/game.go:8.62,16.29 3 1
github.com/perspicaciousPanurgic/Farkle/game.go:20.2,20.13 1 1
github.com/perspicaciousPanurgic/Farkle/game.go:16.29,18.3 1 1
github.com/perspicaciousPanurgic/Farkle/game.go:23.34,31.23 3 1
github.com/perspicaciousPanurgic/Farkle/game.go:45.2,45.23 1 1
github.com/perspicaciousPanurgic/Farkle/game.go:59.2,60.31 2 1
github.com/perspicaciousPanurgic/Farkle/game.go:74.2,74.15 1 1
github.com/perspicaciousPanurgic/Farkle/game.go:31.23,33.16 2 1
github.com/perspicaciousPanurgic/Farkle/game.go:33.16,34.15 1 1
github.com/perspicaciousPanurgic/Farkle/game.go:39.4,40.11 2 1
github.com/perspicaciousPanurgic/Farkle/game.go:34.15,37.13 3 1
github.com/perspicaciousPanurgic/Farkle/game.go:45.23,47.16 2 1
github.com/perspicaciousPanurgic/Farkle/game.go:47.16,48.15 1 1
github.com/perspicaciousPanurgic/Farkle/game.go:53.4,54.11 2 1
github.com/perspicaciousPanurgic/Farkle/game.go:48.15,51.13 3 1
github.com/perspicaciousPanurgic/Farkle/game.go:60.31,61.28 1 1
github.com/perspicaciousPanurgic/Farkle/game.go:61.28,63.17 2 1
github.com/perspicaciousPanurgic/Farkle/game.go:63.17,64.16 1 1
github.com/perspicaciousPanurgic/Farkle/game.go:69.5,69.12 1 1
github.com/perspicaciousPanurgic/Farkle/game.go:64.16,67.14 3 1
github.com/perspicaciousPanurgic/Farkle/game.go:77.26,85.37 4 0
github.com/perspicaciousPanurgic/Farkle/game.go:90.2,90.19 1 0
github.com/perspicaciousPanurgic/Farkle/game.go:85.37,88.3 2 0
github.com/perspicaciousPanurgic/Farkle/game.go:93.38,96.13 2 1
github.com/perspicaciousPanurgic/Farkle/game.go:100.2,100.13 1 1
github.com/perspicaciousPanurgic/Farkle/game.go:104.2,104.16 1 1
github.com/perspicaciousPanurgic/Farkle/game.go:96.13,98.3 1 1
github.com/perspicaciousPanurgic/Farkle/game.go:100.13,102.3 1 1
github.com/perspicaciousPanurgic/Farkle/game.go:107.62,109.2 1 1
github.com/perspicaciousPanurgic/Farkle/game.go:111.19,113.2 0 0
github.com/perspicaciousPanurgic/Farkle/game.go:115.18,117.2 0 0
github.com/perspicaciousPanurgic/Farkle/player.go:9.42,11.2 1 1
github.com/perspicaciousPanurgic/Farkle/player.go:13.39,15.2 1 1
